<?xml version="1.0" encoding="UTF-8"?>
<testsuite name="SimpleBankSystemTest" tests="1" skipped="0" failures="0" errors="0" timestamp="2022-06-01T14:45:22" hostname="MARVIN" time="0.311">
  <properties/>
  <testcase name="start" classname="SimpleBankSystemTest" time="0.311"/>
  <system-out><![CDATA[?[1;31m
Start test 1?[0m
1. Create an account
2. Log into account
0. Exit
> 1
Your card has been created
Your card number:
4000006723534621
Your card PIN:
1313
1. Create an account
2. Log into account
0. Exit
> 1
Your card has been created
Your card number:
4000004779079663
Your card PIN:
2891
1. Create an account
2. Log into account
0. Exit
> 0
Bye!
?[1;31m
Start test 2?[0m
1. Create an account
2. Log into account
0. Exit
> 1
Your card has been created
Your card number:
4000004795288548
Your card PIN:
9686
1. Create an account
2. Log into account
0. Exit
> 2
Enter your card number:
> 4000004795288548
Enter your PIN:
> 9686
You have successfully logged in!
1. Balance
2. Log out
0. Exit
> 2
You have successfully logged out!
1. Create an account
2. Log into account
0. Exit
> 0
Bye!
?[1;31m
Start test 3?[0m
1. Create an account
2. Log into account
0. Exit
> 1
Your card has been created
Your card number:
4000001645042836
Your card PIN:
8173
1. Create an account
2. Log into account
0. Exit
> 2
Enter your card number:
> 4000001645042836
Enter your PIN:
> 4020
Wrong card number or PIN!
1. Create an account
2. Log into account
0. Exit
> 0
Bye!
?[1;31m
Start test 4?[0m
1. Create an account
2. Log into account
0. Exit
> 1
Your card has been created
Your card number:
4000005108621233
Your card PIN:
5100
1. Create an account
2. Log into account
0. Exit
> 2
Enter your card number:
> 400000352932390
Enter your PIN:
> 5100
Wrong card number or PIN!
1. Create an account
2. Log into account
0. Exit
?[1;31m
Start test 5?[0m
1. Create an account
2. Log into account
0. Exit
> 1
Your card has been created
Your card number:
4000005067019476
Your card PIN:
3556
1. Create an account
2. Log into account
0. Exit
> 2
Enter your card number:
> 4000005067019476
Enter your PIN:
> 3556
You have successfully logged in!
1. Balance
2. Log out
0. Exit
> 1
Balance: 0.0
1. Balance
2. Log out
0. Exit
> 0
Bye!
]]></system-out>
  <system-err><![CDATA[]]></system-err>
</testsuite>
